Found ConfigField TileEntityRemover_Enabled
Found ConfigField TileEntityTargetList
Ore: gearWood
Ore: gearStone
Ore: gearIron
Ore: gearGold
Ore: gearDiamond
Fluid: oil
Fluid: fuel
Ore: sandstone
Ore: glass
Ore: oreCoal
Ore: cloth
Ore: blockGold
Ore: blockIron
Ore: blockDiamond
Ore: blockGlowstone
Ore: blockEmerald
Ore: blockRedstone
Ore: coal
Ore: charcoal
Ore: ingotIron
Ore: ingotGold
Ore: dustRedstone
Ore: slimeball
Ore: dustGlowstone
Ore: nuggetGold
Fluid: uumatter
Fluid: constructionfoam
Fluid: ic2coolant
Ore: oreUranium
Ore: treeLeaves
Ore: treeSapling
Ore: dustBronze
Ore: dustClay
Ore: dustCoal
Ore: dustCopper
Ore: dustGold
Ore: dustIron
Ore: dustSilver
Ore: dustTin
Ore: dustLead
Ore: dustObsidian
Ore: dustLapis
Ore: dustSulfur
Ore: dustLithium
Ore: dustDiamond
Ore: dustSiliconDioxide
Ore: dustHydratedCoal
Ore: dustTinyCopper
Ore: dustTinyGold
Ore: dustTinyIron
Ore: dustTinySilver
Ore: dustTinyTin
Ore: dustTinyLead
Ore: dustTinySulfur
Ore: dustTinyLithium
Ore: itemRubber
Ore: ingotBronze
Ore: ingotCopper
Ore: ingotRefinedIron
Ore: ingotLead
Ore: ingotTin
Ore: ingotSilver
Ore: plateIron
Ore: plateGold
Ore: plateCopper
Ore: plateTin
Ore: plateLead
Ore: plateLapis
Ore: plateObsidian
Ore: plateBronze
Ore: plateDenseIron
Ore: plateDenseGold
Ore: plateDenseCopper
Ore: plateDenseTin
Ore: plateDenseLead
Ore: plateDenseLapis
Ore: plateDenseObsidian
Ore: plateDenseBronze
Ore: crushedIron
Ore: crushedGold
Ore: crushedSilver
Ore: crushedLead
Ore: crushedCopper
Ore: crushedTin
Ore: crushedUranium
Ore: crushedPurifiedIron
Ore: crushedPurifiedGold
Ore: crushedPurifiedSilver
Ore: crushedPurifiedLead
Ore: crushedPurifiedCopper
Ore: crushedPurifiedTin
Ore: crushedPurifiedUranium
Ore: blockBronze
Ore: blockCopper
Ore: blockTin
Ore: blockUranium
Ore: blockLead
Ore: gemDiamond
Ore: gemDiamond
Ore: craftingToolForgeHammer
Ore: craftingToolWireCutter
Ore: woodRubber
Fluid: milk
Fluid: sludge
Fluid: sewage
Fluid: mobessence
Fluid: biofuel
Fluid: meat
Fluid: pinkslime
Fluid: chocolatemilk
Fluid: mushroomsoup
Ore: gemApatite
Ore: ingotCopper
Ore: ingotTin
Ore: ingotBronze
Ore: brickPeat
Ore: dustAsh
Ore: gearBronze
Ore: gearCopper
Ore: gearTin
Ore: pulpWood
Ore: itemBeeswax
Ore: cropCherry
Ore: cropWalnut
Ore: cropChestnut
Ore: cropLemon
Ore: cropPlum
Ore: cropDate
Ore: cropPapaya
Ore: oreApatite
Ore: oreCopper
Ore: oreTin
Ore: dropHoney
Ore: itemPollen
Ore: dropHoneydew
Ore: dropRoyalJelly
Ore: beeComb
Ore: treeSapling
Ore: logWood
Ore: logWood
Ore: logWood
Ore: logWood
Ore: logWood
Ore: logWood
Ore: logWood
Ore: plankWood
Ore: plankWood
Ore: slabWood
Ore: slabWood
Ore: slabWood
Fluid: fluxgoo
Ore: oreCinnabar
Ore: oreAmber
Ore: nuggetIron
Ore: nuggetCopper
Ore: nuggetTin
Ore: nuggetSilver
Ore: nuggetLead
Ore: nuggetThaumium
Ore: logWood
Ore: logWood
Ore: plankWood
Ore: plankWood
Ore: crafterWood
Ore: craftingTableWood
Ore: plankWood
Ore: logWood
Ore: stickWood
Ore: crafterWood
Ore: craftingTableWood
Ore: plankWood
Ore: logWood
Ore: stickWood
Ore: crafterWood
Ore: craftingTableWood
Ore: plankWood
Ore: logWood
Ore: stickWood
Ore: crafterWood
Ore: craftingTableWood
Ore: plankWood
Ore: logWood
Ore: stickWood
Ore: crafterWood
Ore: craftingTableWood
Ore: plankWood
Ore: logWood
Ore: stickWood
Ore: crafterWood
Ore: craftingTableWood
Ore: plankWood
Ore: logWood
Ore: stickWood
Ore: crafterWood
Ore: craftingTableWood
Ore: plankWood
Ore: logWood
Ore: stickWood
Ore: crafterWood
Ore: craftingTableWood
Ore: plankWood
Ore: logWood
Ore: stickWood
Ore: crafterWood
Ore: craftingTableWood
Ore: plankWood
Ore: logWood
Ore: stickWood
Ore: crafterWood
Ore: craftingTableWood
Ore: plankWood
Ore: logWood
Ore: stickWood
Ore: crafterWood
Ore: craftingTableWood
Ore: plankWood
Ore: logWood
Ore: stickWood
Ore: crafterWood
Ore: craftingTableWood
Ore: plankWood
Ore: logWood
Ore: stickWood
Ore: dyeBlue
Ore: glassSoul
Ore: chestWood
Ore: blockGlass
Ore: blockGlass
Ore: blockGlass
Ore: cropRaspberry
Ore: cropBlueberry
Ore: cropBlackberry
Ore: cropMaloberry
Ore: cropBlightberry
Ore: cropDuskberry
Ore: cropSkyberry
Ore: cropStingberry
Ore: taintedSoil
Ore: slabWood
Ore: slabWood
Ore: saplingTree
Ore: saplingTree
Ore: leavesTree
Ore: leavesTree
Ore: leavesTree
Ore: leavesTree
Ore: oreYellorite
Ore: ingotYellorium
Ore: ingotCyanite
Ore: ingotGraphite
Ore: ingotBlutonium
Ore: dustYellorium
Ore: dustCyanite
Ore: dustGraphite
Ore: dustBlutonium
Ore: ingotUranium
Ore: ingotPlutonium
Ore: dustUranium
Ore: dustPlutonium
Ore: reactorCasing
Ore: reactorController
Ore: reactorPowerTap
Ore: reactorRedNetPort
Ore: reactorComputerPort
Ore: reactorRedstonePort
Ore: brSmallMachineCyaniteProcessor
Fluid: yellorium
Fluid: cyanite
Fluid: fuelcolumn
Ore: gemDiamond
Ore: gemEmerald
Ore: ingotIron
Ore: ingotGold
Ore: gemDiamond
Fluid: acid
Fluid: poison
Fluid: liquidnitrogen
Ore: logWood
Ore: logWood
Ore: logWood
Ore: logWood
Ore: logWood
Ore: logWood
Ore: logWood
Ore: logWood
Ore: logWood
Ore: logWood
Ore: logWood
Ore: logWood
Ore: logWood
Ore: logWood
Ore: logWood
Ore: logWood
Ore: logWood
Ore: logWood
Ore: logWood
Ore: logWood
Ore: logWood
Ore: logWood
Ore: logWood
Ore: logWood
Ore: logWood
Ore: logWood
Ore: logWood
Ore: logWood
Ore: logWood
Ore: logWood
Ore: logWood
Ore: logWood
Ore: logWood
Ore: logWood
Ore: logWood
Ore: logWood
Ore: logWood
Ore: logWood
Ore: logWood
Ore: logWood
Ore: plankWood
Ore: plankWood
Ore: plankWood
Ore: plankWood
Ore: plankWood
Ore: plankWood
Ore: plankWood
Ore: plankWood
Ore: plankWood
Ore: plankWood
Ore: plankWood
Ore: plankWood
Ore: plankWood
Ore: plankWood
Ore: plankWood
Ore: plankWood
Ore: plankWood
Ore: plankWood
Ore: plankWood
Ore: plankWood
Ore: plankWood
Ore: plankWood
Ore: plankWood
Ore: plankWood
Ore: plankWood
Ore: plankWood
Ore: plankWood
Ore: plankWood
Ore: plankWood
Ore: plankWood
Ore: plankWood
Ore: plankWood
Ore: plankWood
Ore: plankWood
Ore: plankWood
Fluid: sap
Fluid: resin
Fluid: latex
Fluid: turpentine
Ore: pulpWood
Ore: cropApple
Ore: cropCrabapple
Ore: cropOrange
Ore: cropKumquat
Ore: cropLime
Ore: cropCherry
Ore: cropWildCherry
Ore: cropCherry
Ore: cropSourCherry
Ore: cropCherry
Ore: cropBlackCherry
Ore: cropBlackthorn
Ore: cropPlum
Ore: cropCherryPlum
Ore: cropAlmond
Ore: cropApricot
Ore: cropGrapefruit
Ore: cropPeach
Ore: cropSatsuma
Ore: cropOrange
Ore: cropBuddhaHand
Ore: cropCitron
Ore: cropCitron
Ore: cropLime
Ore: cropFingerLime
Ore: cropKeyLime
Ore: cropLime
Ore: cropOrange
Ore: cropManderin
Ore: cropPeach
Ore: cropNectarine
Ore: cropPomelo
Ore: cropTangerine
Ore: cropOrange
Ore: cropPear
Ore: cropSandPear
Ore: cropHazelnut
Ore: cropButternut
Ore: cropWalnut
Ore: cropBeechnut
Ore: cropPecan
Ore: cropBanana
Ore: cropRedBanana
Ore: cropBanana
Ore: cropPlantain
Ore: cropBrazilNut
Ore: cropFig
Ore: cropAcorn
Ore: cropElderberry
Ore: cropOlive
Ore: cropGingkoNut
Ore: cropCoffee
Ore: cropOsangeOrange
Ore: cropClove
Ore: cropApple
Ore: cropHops
Ore: seedWheat
Ore: seedWheat
Ore: seedBarley
Ore: seedCorn
Ore: seedRye
Ore: seedRoasted
Ore: dustCoal
Ore: dustIron
Ore: dustGold
Ore: dustCopper
Ore: dustTin
Ore: dustEnderPearl
Ore: itemSilicon
Ore: gearStone
Fluid: myst.ink.black
Fluid: creosote
Fluid: steam
Ore: nuggetIron
Ore: nuggetSteel
Ore: ingotSteel
Ore: fuelCoke
Ore: dustObsidian
Ore: dustSulfur
Ore: dustSaltpeter
Ore: dustCharcoal
Ore: blockSteel
Ore: oreSulfur
Ore: oreSaltpeter
Ore: oreDiamond
Ore: oreEmerald
Ore: oreLapis
Ore: oreFirestone
Ore: sludge
Ore: oreSilver
Ore: ingotSilver
Ore: ingotLead
Ore: blockSilver
Ore: blockLead
Ore: oreFzDarkIron
Ore: ingotFzDarkIron
Ore: blockFzDarkIron
Ore: sulfuricAcid
Ore: bottleSulfuricAcid
Ore: aquaRegia
Fluid: mutagen
Ore: hambone
Ore: blockRubber
Fluid: iron.molten
Fluid: gold.molten
Fluid: copper.molten
Fluid: tin.molten
Fluid: aluminum.molten
Fluid: cobalt.molten
Fluid: ardite.molten
Fluid: bronze.molten
Fluid: aluminumbrass.molten
Fluid: manyullyn.molten
Fluid: alumite.molten
Fluid: obsidian.molten
Fluid: steel.molten
Fluid: glass.molten
Fluid: stone.seared
Fluid: emerald.liquid
Fluid: blood
Fluid: nickel.molten
Fluid: lead.molten
Fluid: silver.molten
Fluid: platinum.molten
Fluid: invar.molten
Fluid: electrum.molten
Fluid: ender
Fluid: slime.blue
Fluid: glue
Fluid: pigiron.molten
Ore: oreCobalt
Ore: oreArdite
Ore: oreCopper
Ore: oreTin
Ore: oreAluminum
Ore: oreAluminium
Ore: oreIron
Ore: oreGold
Ore: oreCobalt
Ore: oreCopper
Ore: oreTin
Ore: oreAluminum
Ore: oreAluminium
Ore: ingotCobalt
Ore: ingotArdite
Ore: ingotManyullyn
Ore: ingotCopper
Ore: ingotTin
Ore: ingotAluminum
Ore: ingotAluminium
Ore: ingotBronze
Ore: ingotAluminumBrass
Ore: ingotAluminiumBrass
Ore: ingotAlumite
Ore: ingotSteel
Ore: ingotObsidian
Ore: ingotPigIron
Ore: itemRawRubber
Ore: blockCobalt
Ore: blockArdite
Ore: blockManyullyn
Ore: blockCopper
Ore: blockBronze
Ore: blockTin
Ore: blockAluminum
Ore: blockAluminium
Ore: blockAluminumBrass
Ore: blockAluminiumBrass
Ore: blockAlumite
Ore: blockSteel
Ore: nuggetIron
Ore: nuggetIron
Ore: nuggetCopper
Ore: nuggetCopper
Ore: nuggetTin
Ore: nuggetTin
Ore: nuggetAluminum
Ore: nuggetAluminum
Ore: nuggetAluminium
Ore: nuggetAluminium
Ore: nuggetAluminumBrass
Ore: nuggetAluminiumBrass
Ore: nuggetObsidian
Ore: nuggetCobalt
Ore: nuggetArdite
Ore: nuggetManyullyn
Ore: nuggetBronze
Ore: nuggetAlumite
Ore: nuggetSteel
Ore: nuggetGold
Ore: nuggetPigIron
Ore: slabCloth
Ore: slabCloth
Ore: stoneMossy
Ore: stoneMossy
Ore: crafterWood
Ore: craftingTableWood
Ore: torchStone
Ore: woodRod
Ore: stoneRod
Ore: ironRod
Ore: flintRod
Ore: cactusRod
Ore: boneRod
Ore: obsidianRod
Ore: netherrackRod
Ore: slimeRod
Ore: paperRod
Ore: cobaltRod
Ore: arditeRod
Ore: manyullynRod
Ore: copperRod
Ore: bronzeRod
Ore: alumiteRod
Ore: steelRod
Ore: blueslimeRod
Ore: thaumiumRod
Ore: glassWhite
Ore: glassOrange
Ore: glassMagenta
Ore: glassLightBlue
Ore: glassYellow
Ore: glassLime
Ore: glassPink
Ore: glassGray
Ore: glassLightGray
Ore: glassCyan
Ore: glassPurple
Ore: glassBlue
Ore: glassBrown
Ore: glassGreen
Ore: glassRed
Ore: glassBlack
Ore: slimeball
Ore: slimeball
Ore: slimeball
Ore: slimeball
Ore: glass
Ore: glass
Ore: mb.magnet.level0
Ore: mb.magnet.level0
Ore: mb.magnet.level1
Ore: mb.magnet.level1
Ore: mb.magnet.level2
Ore: mb.magnet.level2
Ore: mb.magnet.level3
Ore: mb.magnet.level3
Ore: mb.magnet.level4
Ore: mb.magnet.level4
Ore: mb.magnet.level5
Ore: mb.magnet.level5
Ore: mb.magnet.level6
Ore: mb.magnet.level6
Ore: mb.magnet.level7
Ore: mb.magnet.level7
Ore: mb.magnet.level8
Ore: mb.magnet.level8
Ore: beeComb
Ore: waxMagical
Ore: waxMagical
Ore: nuggetIron
Ore: nuggetCopper
Ore: nuggetTin
Ore: nuggetSilver
Ore: nuggetLead
Ore: shardDiamond
Ore: shardEmerald
Ore: shardApatite
Fluid: fishoil
Fluid: fishfood
Fluid: fastwater
Fluid: naturalgas
Ore: blockLimestone
Ore: oreCopper
Ore: oreAluminum
Ore: oreTitanium
Ore: blockAluminum
Ore: blockCopper
Ore: blockMagnesium
Ore: blockTitanium
Ore: ingotAluminum
Ore: ingotCopper
Ore: ingotMagnesium
Ore: ingotTitanium
Ore: plantKelp
Ore: dyeYellow
Ore: dyeRed
Ore: dyeBrown
Ore: coralLightBlue
Ore: coralYellow
Ore: coralMagenta
Ore: coralBrown
Ore: coralOrange
Ore: coralPink
Ore: coralPurple
Ore: coralRed
Fluid: rc ethanol
Fluid: jet fuel
Fluid: lubricant
Fluid: heavy water
Fluid: hydrofluoric acid
Fluid: uranium hexafluoride
Fluid: rc ammonia
Fluid: rc sodium
Fluid: rc chlorine
Fluid: rc oxygen
Fluid: rc deuterium
Fluid: rc tritium
Fluid: fusion plasma
Fluid: lowpammonia
Fluid: lowpwater
Fluid: hotsodium
Ore: orePitchblende
Ore: ingotUranium
Ore: oreCadmium
Ore: ingotCadmium
Ore: oreIndium
Ore: ingotIndium
Ore: oreSilver
Ore: ingotSilver
Ore: orePitchblende
Ore: ingotUranium
Ore: oreAmmonium
Ore: dustAmmonium
Ore: oreCalcite
Ore: gemCalcite
Ore: oreMagnetite
Ore: ingotMagnetite
Ore: dustQuicklime
Ore: oreFluorite
Ore: gemFluorite
Ore: oreFluorite
Ore: gemFluorite
Ore: oreFluorite
Ore: gemFluorite
Ore: oreFluorite
Ore: gemFluorite
Ore: oreFluorite
Ore: gemFluorite
Ore: oreFluorite
Ore: gemFluorite
Ore: oreFluorite
Ore: gemFluorite
Ore: oreFluorite
Ore: gemFluorite
Fluid: fortron
Fluid: xpjuice
Ore: stickObsidian
Ore: obsidianRod
Ore: glass
Ore: glass
Ore: glass
Ore: glass
Ore: glass
Ore: glass
Ore: glass
Ore: glass
Ore: glass
Ore: glass
Ore: glass
Ore: glass
Ore: glass
Ore: glass
Ore: glass
Ore: glass
Ore: stoneRod
Ore: oreNetherCoal
Ore: oreNetherDiamond
Ore: oreNetherGold
Ore: oreNetherIron
Ore: oreNetherLapis
Ore: oreNetherRedstone
Ore: oreNetherCopper
Ore: oreNetherTin
Ore: oreNetherEmerald
Ore: oreNetherSilver
Ore: oreNetherLead
Ore: oreNetherUranium
Ore: oreNetherPlatinum
Ore: oreNetherNickel
Ore: oreNetherSteel
Ore: oreNetherIridium
Ore: dustIron
Ore: dustGold
Ore: dustCoal
Ore: dustObsidian
Ore: dustCopper
Ore: dustTin
Ore: dustSilver
Ore: dustLead
Ore: dustNickel
Ore: dustPlatinum
Ore: dustElectrum
Ore: dustInvar
Ore: dustBronze
Ore: dustEnderium
Ore: ingotCopper
Ore: ingotTin
Ore: ingotSilver
Ore: ingotLead
Ore: ingotNickel
Ore: ingotPlatinum
Ore: ingotElectrum
Ore: ingotInvar
Ore: ingotBronze
Ore: ingotEnderium
Ore: nuggetCopper
Ore: nuggetTin
Ore: nuggetSilver
Ore: nuggetLead
Ore: nuggetNickel
Ore: nuggetPlatinum
Ore: nuggetElectrum
Ore: nuggetInvar
Ore: nuggetBronze
Ore: nuggetEnderium
Ore: dustSulfur
Ore: dustSaltpeter
Ore: crystalCinnabar
Ore: gearCopper
Ore: gearTin
Ore: gearElectrum
Ore: gearInvar
Ore: gearBronze
Ore: oreCopper
Ore: oreTin
Ore: oreSilver
Ore: oreLead
Ore: oreNickel
Ore: blockCopper
Ore: blockTin
Ore: blockSilver
Ore: blockLead
Ore: blockNickel
Ore: blockPlatinum
Ore: blockElectrum
Ore: blockInvar
Ore: blockBronze
Ore: blockEnderium
Ore: glassHardened
Fluid: redstone
Fluid: glowstone
Fluid: pyrotheum
Fluid: cryotheum
Fluid: coal
Ore: itemRubber
Ore: itemRawRubber
Ore: woodRubber
Ore: leavesRubber
Ore: sheetPlastic
Ore: dustPlastic
Ore: ingotMeat
Ore: ingotMeatRaw
Ore: nuggetMeat
Ore: nuggetMeatRaw
Ore: blockMeat
Ore: blockMeatRaw
Ore: itemCharcoalSugar
Ore: cableRedNet
Ore: slimeball
Ore: dyeBrown
Ore: fertilizerOrganic
Ore: wireExplosive
Fluid: glass
Fluid: biomass
Fluid: bioethanol
Fluid: seedoil
Fluid: honey
Fluid: juice
Fluid: ice
Ore: stoneRod
Ore: ovenRack
Ore: clayBowl
Ore: clayPlate
Ore: clayCup
Ore: ceramicBowl
Ore: ceramicPlate
Ore: ceramicCup
Ore: foodStrawberry
Ore: foodCandiedApple
Ore: foodCupofWater
Ore: foodCupofMilk
Ore: foodHotCocoa
Ore: foodVinegar
Ore: foodBeer
Ore: foodRawHamburgerPatty
Ore: foodAppleJellyToast
Ore: foodCinnamonToast
Ore: foodStrawberryJellyToast
Ore: foodCaramelApplewithNuts
Ore: foodAppleJelly
Ore: foodMashedPotatos
Ore: foodCarrotCakeBatter
Ore: foodRawFrenchToast
Ore: foodBatter
Ore: foodMacaroniandCheese
Ore: foodStrawberryJelly
Ore: foodRawApplePie
Ore: foodRawStrawberryPie
Ore: foodStrawberryShortcake
Ore: foodHamburger
Ore: foodPB&JSandwichApple
Ore: foodPB&JSandwichStrawberry
Ore: foodCheeseSandwich
Ore: foodButteredToast
Ore: foodBaconCheeseFries
Ore: foodBaconCheeseburger
Ore: foodChocolate
Ore: foodCheese
Ore: foodButter
Ore: foodWhippedCream
Ore: foodDough
Ore: foodAppleGelatin
Ore: foodStrawberryGelatin
Ore: foodMarshmellows
Ore: foodPastaDough
Ore: foodCheeseFries
Ore: foodRawChickenNuggets
Ore: foodCheeseburger
Ore: foodDeluxeHotCocoa
Ore: foodSaltedBeef
Ore: foodBreadedChicken
Ore: foodSaltedPork
Ore: foodCaramelApple
Ore: foodChocolate-CoveredStrawberries
Ore: foodCinnamonandSugar
Ore: foodSliceofCheese
Ore: foodSliceofBread
Ore: foodFriedChicken
Ore: foodFrenchFries
Ore: foodChickenNuggets
Ore: foodShortcake
Ore: foodCarrotCake
Ore: foodGrilledCheese
Ore: foodLoafofBread
Ore: foodPasta
Ore: foodToastedPB&JSandwichApple
Ore: foodToastedPB&JSandwichStrawberry
Ore: foodRoastedPeanuts
Ore: foodApplePie
Ore: foodFrenchToast
Ore: foodHamburgerPatty
Ore: foodStrawberryPie
Ore: foodBeefJerkey
Ore: foodBacon
Ore: foodToast
Ore: foodCaramel
Ore: foodAppleMush
Ore: foodGelatin
Ore: foodBreadCrumbs
Ore: foodGroundBeef
Ore: foodGroundChicken
Ore: foodGroundPork
Ore: foodCrushedPeanuts
Ore: foodStrawberryMush
Ore: foodFlour
Ore: foodPeanutButter
Ore: foodCookingOil
Ore: foodSalt
Ore: foodCinnamon
Ore: cropCinnamon
Ore: foodGroundCinnamon
Ore: foodPeanuts
Ore: foodAppleCinnamonCookieDough
Ore: foodBowlofRawPasta
Ore: foodButterCookieDough
Ore: foodCheesyBaconPotatoes
Ore: foodCheesyPotatoes
Ore: foodChocolateChipCookieDough
Ore: foodChocolateIceCreamChocolateSauce
Ore: foodChocolateIceCreamMix
Ore: foodDicedPotatoes
Ore: foodDoubleBaconCheeseburger
Ore: foodIceCreamMix
Ore: foodPBSandwich
Ore: foodPeanutButterCookeDough
Ore: foodPumpkinCookieDough
Ore: foodSnickerdoodleDough
Ore: foodStrawberryIceCreamChocolateSauce
Ore: foodStrawberryIceCreamMix
Ore: foodStrawberryJellyCookieDough
Ore: foodSugarCookieDough
Ore: foodVanillaIceCreamChocolateSauce
Ore: foodVanillaIceCreamMix
Ore: foodChocolateIceCream
Ore: foodStrawberryIceCream
Ore: foodVanillaIceCream
Ore: foodAppleCinnamonCookie
Ore: foodButterCookie
Ore: foodChocolateChipCookie
Ore: foodChocolateSauce
Ore: foodPeanutButterCookie
Ore: foodPumpkinCookie
Ore: foodRoastedMarshmellows
Ore: foodSnickerdoodle
Ore: foodStrawberryJellyCookie
Ore: foodSugarCookie
Ore: foodToastedPBSandwich
Ore: foodVanilla
Ore: foodAppleCinnamonCookeBurned
Ore: foodApplePieBurned
Ore: foodBaconBurned
Ore: foodBeefJerkeyBurned
Ore: foodButterCookieBurned
Ore: foodCaramelBurned
Ore: foodCarrotCakeBurned
Ore: foodChocolateChipCookieBurned
Ore: foodChocolateSauceBurned
Ore: foodFrenchToastBurned
Ore: foodGrilledCheeseBurned
Ore: foodHambuergerPattyBurned
Ore: foodLoafofBreadBurned
Ore: foodPastaBurned
Ore: foodPeanutButterCookieBurned
Ore: foodPumpkinCookieBurned
Ore: foodRoastedMarshmellowsBurned
Ore: foodShortcakeBurned
Ore: foodSnickerdoodleBurned
Ore: foodStrawberryJellyCookieBurned
Ore: foodRoastedPeanutsBurned
Ore: foodStrawberryPieBurned
Ore: foodSugarCookieBurned
Ore: foodToastBurned
Ore: foodToastedPBSandwichBurned
Ore: foodToastedPB&JSandwichAppleBurned
Ore: foodToastedPB&JSabdwichStrawberryBurned
Fluid: beer
Fluid: hotcocoa
Fluid: vinegar
Fluid: cookingoil
Fluid: vodka
Fluid: cider
Ore: oven
Ore: counter
Ore: processor
Ore: brewer
Ore: cropCinnamon
Ore: cropVanilla
Ore: oreSalt
Ore: icebox
Ore: frier
Ore: cropStrawberry
Ore: cropPeanut
Ore: oreCertusQuartz
Ore: crystalCertusQuartz
Ore: dustCertusQuartz
Ore: dustNetherQuartz
Ore: dustEnderPearl
Ore: dustGold
Ore: dustIron
Ore: dustWheat
Ore: cropVine
Ore: dyeRed
Ore: dyeYellow
Ore: dyeBlue
Ore: dyeGreen
Ore: dyeBlack
Ore: dyeWhite
Ore: dyeBrown
Fluid: liquiddna
Ore: ingotCopper
Ore: ingotCopper
Ore: ingotTin
Ore: ingotTin
Ore: oreCopper
Ore: oreCopper
Ore: oreTin
Ore: oreTin
Ore: ingotSteel
Ore: ingotSteel
Ore: dustSteel
Ore: plateSteel
Ore: ingotBronze
Ore: ingotBronze
Ore: dustBronze
Ore: plateBronze
Ore: plateCopper
Ore: plateTin
Ore: plateIron
Ore: plateGold
Ore: circuitBasic
Ore: circuitAdvanced
Ore: circuitElite
Ore: motor
Ore: wrench
Ore: blockMarble
Ore: blockLimestone
Ore: blockConcrete
Ore: blockHolystone
Ore: blockLavastone
Ore: blockFft
Ore: blockCarpet
Ore: blockTyrian
Ore: blockDirt
Ore: blockCloud
Ore: dyeBlack
Ore: dyeRed
Ore: dyeGreen
Ore: dyeBrown
Ore: dyeBlue
Ore: dyePurple
Ore: dyeCyan
Ore: dyeLightGray
Ore: dyeGray
Ore: dyePink
Ore: dyeLime
Ore: dyeYellow
Ore: dyeLightBlue
Ore: dyeMagenta
Ore: dyeOrange
Ore: dyeWhite
Ore: logWood
Ore: saplingTree
Ore: plankWood
Fluid: potion
Fluid: potion of regeneration
Fluid: potion of swiftness
Fluid: potion of fire resistance
Fluid: potion of poison
Fluid: potion of healing
Fluid: potion of night vision
Fluid: clear potion
Fluid: potion of weakness
Fluid: potion of strength
Fluid: potion of slowness
Fluid: diffuse potion
Fluid: potion of harming
Fluid: clensingwater
Fluid: fluidtnt
Fluid: omni
Ore: blockAluminum
Ore: blockBronze
Ore: blockCopper
Ore: blockLead
Ore: blockNickel
Ore: blockPlatinum
Ore: blockSilver
Ore: blockSteel
Ore: blockTin
Ore: oreAluminum
Ore: oreTin
Ore: oreEmery
Ore: oreLead
Ore: oreCopper
Ore: oreNickel
Ore: oreRuby
Ore: oreSapphire
Ore: ingotAluminum
Ore: ingotBronze
Ore: ingotCopper
Ore: ingotLead
Ore: ingotNickel
Ore: ingotPlatinum
Ore: ingotSilver
Ore: ingotSteel
Ore: ingotTin
Ore: gemEmery
Ore: gemRuby
Ore: gemSapphire
Ore: plankWood
Ore: plankWood
Ore: plankWood
Ore: plankWood
Ore: plankWood
Ore: plankWood
Ore: plankWood
Ore: plankWood
Ore: plankWood
Ore: plankWood
Ore: plankWood
Ore: plankWood
Ore: plankWood
Ore: plankWood
Ore: plankWood
Ore: plankWood
Fluid: slickwater
Ore: dustQuicklime
Ore: groundAluminum
Ore: groundTin
Ore: groundLead
Ore: groundGold
Ore: groundIron
Ore: groundCopper
Ore: groundNickel
Ore: groundSilver
Ore: dustImpureAluminum
Ore: dustImpureCopper
Ore: dustImpureLead
Ore: dustImpureNickel
Ore: dustImpureGold
Ore: dustImpureIron
Ore: dustImpureSilver
Ore: dustImpureTin
Ore: dustAluminum
Ore: dustCopper
Ore: dustGold
Ore: dustIron
Ore: dustLead
Ore: dustNickel
Ore: dustPlatinum
Ore: dustSilver
Ore: dustTin
Ore: groundCobalt
Ore: groundArdite
Ore: dustImpureCobalt
Ore: dustImpureArdite
Ore: dustPureCobalt
Ore: dustPureArdite
Ore: projredWire
Ore: projredWire
Ore: projredWire
Ore: projredWire
Ore: projredWire
Ore: projredWire
Ore: projredWire
Ore: projredWire
Ore: projredWire
Ore: projredWire
Ore: projredWire
Ore: projredWire
Ore: projredWire
Ore: projredWire
Ore: projredWire
Ore: projredWire
Ore: projredWire
Ore: projredWire
Ore: projredWire
Ore: projredWire
Ore: projredWire
Ore: projredWire
Ore: projredWire
Ore: projredWire
Ore: projredWire
Ore: projredWire
Ore: projredWire
Ore: projredWire
Ore: projredWire
Ore: projredWire
Ore: projredWire
Ore: projredWire
Ore: projredWire
Ore: projredWire
Ore: projredInsFramedWire
Ore: projredInsulatedWire
Ore: projredInsFramedWire
Ore: projredInsulatedWire
Ore: projredInsFramedWire
Ore: projredInsulatedWire
Ore: projredInsFramedWire
Ore: projredInsulatedWire
Ore: projredInsFramedWire
Ore: projredInsulatedWire
Ore: projredInsFramedWire
Ore: projredInsulatedWire
Ore: projredInsFramedWire
Ore: projredInsulatedWire
Ore: projredInsFramedWire
Ore: projredInsulatedWire
Ore: projredInsFramedWire
Ore: projredInsulatedWire
Ore: projredInsFramedWire
Ore: projredInsulatedWire
Ore: projredInsFramedWire
Ore: projredInsulatedWire
Ore: projredInsFramedWire
Ore: projredInsulatedWire
Ore: projredInsFramedWire
Ore: projredInsulatedWire
Ore: projredInsFramedWire
Ore: projredInsulatedWire
Ore: projredInsFramedWire
Ore: projredInsulatedWire
Ore: projredInsFramedWire
Ore: projredInsulatedWire
Ore: projredBundledCable
Ore: projredBundledCable
Ore: projredBundledCable
Ore: projredBundledCable
Ore: projredBundledCable
Ore: projredBundledCable
Ore: projredBundledCable
Ore: projredBundledCable
Ore: projredBundledCable
Ore: projredBundledCable
Ore: projredBundledCable
Ore: projredBundledCable
Ore: projredBundledCable
Ore: projredBundledCable
Ore: projredBundledCable
Ore: projredBundledCable
Ore: projredBundledCable
Ore: bricksGravel
Ore: enderobsidian
Ore: burntquartz
Ore: icestone
Ore: blockUnstable
Ore: glass
Ore: glass
Ore: glass
Ore: glass
Ore: glass
Ore: glass
Ore: glass
Ore: glass
Ore: glass
Ore: glass
Ore: glass
Ore: bricksStone
Ore: bricksStone
Ore: bricksStone
Ore: bricksStone
Ore: bricksStone
Ore: bricksStone
Ore: bricksStone
Ore: bricksStone
Ore: bricksStone
Ore: bricksStone
Ore: bricksStone
Ore: bricksStone
Ore: bricksStone
Ore: bricksStone
Ore: bricksStone
Ore: bricksStone
Ore: plankWood
Ore: plankWood
Ore: plankWood
Ore: plankWood
Ore: plankWood
Ore: plankWood
Ore: plankWood
Ore: plankWood
Ore: plankWood
Ore: plankWood
Ore: plankWood
Ore: plankWood
Ore: plankWood
Ore: plankWood
Ore: plankWood
Ore: plankWood
Ore: compressedCobblestone1x
Ore: compressedCobblestone2x
Ore: compressedCobblestone3x
Ore: compressedCobblestone4x
Ore: compressedCobblestone5x
Ore: compressedCobblestone6x
Ore: compressedCobblestone7x
Ore: compressedCobblestone8x
Ore: compressedDirt1x
Ore: compressedDirt2x
Ore: compressedDirt3x
Ore: compressedDirt4x
Ore: compressedGravel1x
Ore: compressedGravel2x
Ore: compressedSand1x
Ore: compressedSand2x
Ore: ingotUnstable
Ore: nuggetUnstable
Ore: dustAsh
Fluid: gascraft_naturalgas
Fluid: gascraft_propellent
Fluid: gascraft_hydrogen
Fluid: gascraft_smoke
Fluid: gascraft_toxicgas
Fluid: gascraft_neurotoxin
Fluid: gascraft_corrosivegas
Fluid: gascraft_plasma
Setting up meta item with texture: 4100:0 Gate Copier gatecopy:clipboard_empty
Setting up meta item with texture: 4100:1 Gate Copier gatecopy:clipboard_copy
Setting up meta item with texture: 4100:2 Gate Copier gatecopy:clipboard_empty_diamond
Setting up meta item with texture: 4100:3 Gate Copier gatecopy:clipboard_copy_diamond
Ore: cobblestone
Ore: stone
Ore: rockGranite
Ore: granite
Ore: cobblestone
Ore: stone
Ore: rockBasalt
Ore: basalt
Ore: cobblestone
Ore: stone
Ore: rockMarble
Ore: marble
Ore: cobblestone
Ore: stone
Ore: rockLimestone
Ore: limestone
Ore: cobblestone
Ore: stone
Ore: rockShale
Ore: shale
Ore: cobblestone
Ore: stone
Ore: rockSandstone
Ore: sandstone
Ore: cobblestone
Ore: stone
Ore: rockPumice
Ore: pumice
Ore: cobblestone
Ore: stone
Ore: rockSlate
Ore: slate
Ore: cobblestone
Ore: stone
Ore: rockGneiss
Ore: gneiss
Ore: cobblestone
Ore: stone
Ore: rockPeridotite
Ore: peridotite
Ore: cobblestone
Ore: stone
Ore: rockQuartz
Ore: quartz
Ore: cobblestone
Ore: stone
Ore: rockGranulite
Ore: granulite
Ore: cobblestone
Ore: stone
Ore: rockHornfel
Ore: hornfel
Ore: cobblestone
Ore: stone
Ore: rockMigmatite
Ore: migmatite
Ore: cobblestone
Ore: stone
Ore: rockSchist
Ore: schist
Ore: cobblestone
Ore: stone
Ore: rockOnyx
Ore: onyx
Ore: cobblestone
Ore: stone
Ore: rockOpal
Ore: opal
Ore: sandstone
Ore: sandstone
Ore: dyeBlackCrystal
Ore: dyeBlackCrystalShard
Ore: dyeRedCrystal
Ore: dyeRedCrystalShard
Ore: dyeGreenCrystal
Ore: dyeGreenCrystalShard
Ore: dyeBrownCrystal
Ore: dyeBrownCrystalShard
Ore: dyeBlueCrystal
Ore: dyeBlueCrystalShard
Ore: dyePurpleCrystal
Ore: dyePurpleCrystalShard
Ore: dyeCyanCrystal
Ore: dyeCyanCrystalShard
Ore: dyeLightGrayCrystal
Ore: dyeLightGrayCrystalShard
Ore: dyeGrayCrystal
Ore: dyeGrayCrystalShard
Ore: dyePinkCrystal
Ore: dyePinkCrystalShard
Ore: dyeLimeCrystal
Ore: dyeLimeCrystalShard
Ore: dyeYellowCrystal
Ore: dyeYellowCrystalShard
Ore: dyeLightBlueCrystal
Ore: dyeLightBlueCrystalShard
Ore: dyeMagentaCrystal
Ore: dyeMagentaCrystalShard
Ore: dyeOrangeCrystal
Ore: dyeOrangeCrystalShard
Ore: dyeWhiteCrystal
Ore: dyeWhiteCrystalShard
Fluid: potion crystal
Ore: oreCopper
Ore: oreTin
Ore: oreSilver
Ore: oreLead
Ore: oreCertusQuartz
Ore: oreAluminum
Ore: ingotCopper
Ore: ingotTin
Ore: ingotSilver
Ore: ingotLead
Ore: crystalCertusQuartz
Ore: gemSapphire
Ore: gemRuby
Ore: gemPeridot
Ore: rawAluminum
Fluid: moltenmagnesium
Fluid: moltentitanium
Fluid: moltenrutile
Fluid: molten.dirt
Ore: ingotHSLA
Ore: ingotSteel
Ore: dustWood
Ore: ingotSilver
Ore: ingotAluminum
Ore: RotaryCraft:dustBedrock
Ore: RotaryCraft:ingotBedrock
Ore: dustNetherrack
Ore: dustSoulSand
Ore: ingotTin
Ore: ingotCopper
Ore: ingotLead
Ore: ingotNickel
Ore: ingotSilver
Ore: dustGalena
Ore: ingotAluminum
Ore: ingotIridium
Ore: shardFirestone
Ore: crystalQuartz
Ore: ingotUranium
Ore: itemQuicksilver
Ore: gemAmber
Ore: shardAir
Ore: shardFire
Ore: shardWater
Ore: shardEarth
Ore: shardEntropy
Ore: shardOrder
Ore: gemApatite
Ore: dustSaltpeter
Ore: ingotTungsten
Ore: dustNikolite
Ore: gemGreenSapphire
Ore: gemRuby
Ore: gemSapphire
Ore: ForciciumItem
Ore: gemForce
Ore: itemCoal
Ore: ingotIron
Ore: ingotGold
Ore: dustRedstone
Ore: dyeBlue
Ore: gemDiamond
Ore: gemEmerald
Ore: ingotTin
Ore: ingotCopper
Ore: ingotLead
Ore: ingotNickel
Ore: ingotSilver
Ore: dustNikolite
Ore: ingotCobalt
Ore: ingotArdite
Ore: ingotPlatinum
Ore: ingotPlatinum
Ore: ingotZinc
Ore: ingotOsmium
Ore: ingotSteel
Ore: dustSulfur
Ore: ingotUranium
Ore: ingotCadmium
Ore: ingotIndium
Ore: gemFluorite
Ore: dustBauxite
Ore: dyeBlue
Ore: dustPyrite
Ore: dustAmmonium
Ore: gemCalcite
Ore: gemChimerite
Ore: dustVinteum
Ore: gemBlueTopaz
Ore: gemMoonstone
Ore: gemSunstone
Ore: ingotTitanium
Ore: dropMagma
Ore: gemMagnetite
Ore: itemEssence
Ore: gemMimichite
Ore: ingotUranium
Ore: dustQuantum
Ore: ingotIridium
Ore: ingotFzDarkIron
Ore: ingotChrome
Ore: oreMimichite
Ore: oreMimichite
Ore: oreMimichite
Ore: gemMimichite
Ore: greggy_greg_do_please_kindly_stuff_a_sock_in_it
Ore: logWood
Ore: logWood
Ore: treeSapling
Ore: treeLeaves
Ore: treeLeaves
Ore: plankWood
Ore: componentWiring
Ore: componentSolenoid
Ore: componentServo
Ore: componentGliderWing
Ore: componentIonThruster
Ore: componentLVCapacitor
Ore: componentMVCapacitor
Ore: componentHVCapacitor
Ore: componentParachute
Ore: componentPlatingBasic
Ore: componentPlatingAdvanced
Ore: componentFieldEmitter
Ore: componentLaserEmitter
Ore: componentCarbonMyofiber
Ore: componentControlCircuit
Ore: componentMyofiberGel
Ore: componentArtificialMuscle
Ore: componentSolarPanel
Ore: componentMagnet
Ore: componentComputerChip
Ore: projredPart
Ore: projredPart
Ore: projredPart
Ore: projredPart
Ore: projredPart
Ore: projredPart
Ore: projredPart
Ore: projredPart
Ore: projredPart
Ore: projredPart
Ore: projredPart
Ore: projredPart
Ore: projredPart
Ore: projredPart
Ore: projredPart
Ore: projredPart
Ore: projredPart
Ore: projredPart
Ore: projredPart
Ore: projredPart
Ore: projredPart
Ore: projredPart
Ore: projredPart
Ore: projredPart
Ore: projredPart
Ore: projredPart
Ore: projredPart
Ore: projredPart
Ore: projredPart
Ore: projredPart
Ore: projredPart
Ore: projredPart
Ore: projredPart
Ore: projredPart
Ore: projredPart
Ore: projredPart
Ore: projredPart
Ore: projredPart
Ore: projredPart
Ore: projredPart
Ore: projredPart
Ore: projredPart
Ore: projredPart
Ore: projredPart
Ore: projredPart
Ore: projredPart
Ore: projredPart
Ore: projredPart
Ore: projredPart
Ore: projredPart
Ore: projredPart
Ore: projredPart
Ore: projredIllumar
Ore: projredIllumar
Ore: projredIllumar
Ore: projredIllumar
Ore: projredIllumar
Ore: projredIllumar
Ore: projredIllumar
Ore: projredIllumar
Ore: projredIllumar
Ore: projredIllumar
Ore: projredIllumar
Ore: projredIllumar
Ore: projredIllumar
Ore: projredIllumar
Ore: projredIllumar
Ore: projredIllumar
Fluid: molten redstone
Fluid: molten conductive redmetal
Ore: dyeWhite
Ore: dyeOrange
Ore: dyeMagenta
Ore: dyeLightBlue
Ore: dyeYellow
Ore: dyeLime
Ore: dyePink
Ore: dyeGray
Ore: dyeLightGray
Ore: dyeCyan
Ore: dyePurple
Ore: dyeBlue
Ore: dyeBrown
Ore: dyeGreen
Ore: dyeRed
Ore: dyeBlack
Ore: ProjRed|Exploration:bag
Ore: ProjRed|Exploration:bag
Ore: ProjRed|Exploration:bag
Ore: ProjRed|Exploration:bag
Ore: ProjRed|Exploration:bag
Ore: ProjRed|Exploration:bag
Ore: ProjRed|Exploration:bag
Ore: ProjRed|Exploration:bag
Ore: ProjRed|Exploration:bag
Ore: ProjRed|Exploration:bag
Ore: ProjRed|Exploration:bag
Ore: ProjRed|Exploration:bag
Ore: ProjRed|Exploration:bag
Ore: ProjRed|Exploration:bag
Ore: ProjRed|Exploration:bag
Ore: ProjRed|Exploration:bag
Ore: gemRuby
Ore: gemSapphire
Ore: gemPeridot
Ore: oreRuby
Ore: oreSapphire
Ore: orePeridot
Ore: blockElectrumFlux
Ore: blockCrystalFlux
Ore: dustElectrumFlux
Ore: ingotElectrumFlux
Ore: nuggetElectrumFlux
Ore: gemCrystalFlux
Ore: rodIron
Ore: obsidianRod
Ore: stoneBowl
Ore: glassWhite
Ore: glassPaneWhite
Ore: glassOrange
Ore: glassPaneOrange
Ore: glassMagenta
Ore: glassPaneMagenta
Ore: glassLightBlue
Ore: glassPaneLightBlue
Ore: glassYellow
Ore: glassPaneYellow
Ore: glassLime
Ore: glassPaneLime
Ore: glassPink
Ore: glassPanePink
Ore: glassGray
Ore: glassPaneGray
Ore: glassLightGray
Ore: glassPaneLightGray
Ore: glassCyan
Ore: glassPaneCyan
Ore: glassPurple
Ore: glassPanePurple
Ore: glassBlue
Ore: glassPaneBlue
Ore: glassBrown
Ore: glassPaneBrown
Ore: glassGreen
Ore: glassPaneGreen
Ore: glassRed
Ore: glassPaneRed
Ore: glassBlack
Ore: glassPaneBlack
Fluid: short.mead
Ore: ingotIron
Ore: ingotGold
Ore: gemDiamond
Ore: gemEmerald
Ore: gemLapis
Ore: beeComb
Ore: ingotNaturalAluminum
Ore: ingotNaturalAluminum
Ore: ingotAluminium
Ore: ingotNaturalAluminum
Ore: ingotAluminium
Ore: ingotNaturalAluminum
Ore: ingotAluminium
Ore: ingotNaturalAluminum
Ore: ingotAluminium
Ore: fz.waterBucketLike
Ore: fz.waterBucketLike
Ore: fz.waterBucketLike
Ore: fz.waterBucketLike
Ore: fz.waterBucketLike
Ore: dirtyGravelIron
Ore: cleanGravelIron
Ore: reducedIron
Ore: crystallineIron
Ore: dirtyGravelGold
Ore: cleanGravelGold
Ore: reducedGold
Ore: crystallineGold
Ore: dirtyGravelLead
Ore: cleanGravelLead
Ore: reducedLead
Ore: crystallineLead
Ore: dirtyGravelTin
Ore: cleanGravelTin
Ore: reducedTin
Ore: crystallineTin
Ore: dirtyGravelCopper
Ore: cleanGravelCopper
Ore: reducedCopper
Ore: crystallineCopper
Ore: dirtyGravelGalena
Ore: cleanGravelGalena
Ore: reducedGalena
Ore: crystallineGalena
Ore: dirtyGravelSilver
Ore: cleanGravelSilver
Ore: reducedSilver
Ore: crystallineSilver
Ore: dirtyGravelCobalt
Ore: cleanGravelCobalt
Ore: reducedCobalt
Ore: crystallineCobalt
Ore: dirtyGravelArdite
Ore: cleanGravelArdite
Ore: reducedArdite
Ore: crystallineArdite
Ore: dirtyGravelDark Iron
Ore: cleanGravelDark Iron
Ore: reducedDark Iron
Ore: crystallineDark Iron
Ore: oreCinnabar
Ore: itemQuicksilver
Ore: oreAmber
Ore: gemAmber
Ore: oreInfusedAir
Ore: shardAir
Ore: oreInfusedFire
Ore: shardFire
Ore: oreInfusedWater
Ore: shardWater
Ore: oreInfusedEarth
Ore: shardEarth
Ore: oreInfusedEntropy
Ore: shardEntropy
Ore: oreInfusedOrder
Ore: shardOrder
Ore: oreEssence
Ore: oreNetherEssence
Ore: oreQuantum
Ore: oreQuantum
